{"/app/src/constants.ts": {"path":"/app/src/constants.ts","statementMap":{"0":{"start":{"line":7,"column":53},"end":{"line":10,"column":null}},"1":{"start":{"line":16,"column":40},"end":{"line":61,"column":null}},"2":{"start":{"line":66,"column":36},"end":{"line":66,"column":null}},"3":{"start":{"line":71,"column":40},"end":{"line":71,"column":null}}},"fnMap":{},"branchMap":{},"s":{"0":3,"1":3,"2":3,"3":3},"f":{},"b":{},"meta":{"lastBranch":0,"lastFunction":0,"lastStatement":4,"seen":{"s:7:53:10:Infinity":0,"s:16:40:61:Infinity":1,"s:66:36:66:Infinity":2,"s:71:40:71:Infinity":3}}}
,"/app/src/components/CalculationPad.tsx": {"path":"/app/src/components/CalculationPad.tsx","statementMap":{"0":{"start":{"line":21,"column":54},"end":{"line":232,"column":null}},"1":{"start":{"line":29,"column":22},"end":{"line":33,"column":null}},"2":{"start":{"line":32,"column":17},"end":{"line":32,"column":34}},"3":{"start":{"line":34,"column":34},"end":{"line":34,"column":null}},"4":{"start":{"line":35,"column":46},"end":{"line":35,"column":null}},"5":{"start":{"line":36,"column":54},"end":{"line":36,"column":null}},"6":{"start":{"line":38,"column":2},"end":{"line":58,"column":null}},"7":{"start":{"line":39,"column":25},"end":{"line":39,"column":null}},"8":{"start":{"line":40,"column":22},"end":{"line":40,"column":null}},"9":{"start":{"line":42,"column":4},"end":{"line":57,"column":null}},"10":{"start":{"line":43,"column":25},"end":{"line":43,"column":null}},"11":{"start":{"line":44,"column":31},"end":{"line":44,"column":null}},"12":{"start":{"line":45,"column":44},"end":{"line":45,"column":null}},"13":{"start":{"line":46,"column":27},"end":{"line":46,"column":null}},"14":{"start":{"line":48,"column":6},"end":{"line":54,"column":null}},"15":{"start":{"line":48,"column":19},"end":{"line":48,"column":22}},"16":{"start":{"line":49,"column":26},"end":{"line":49,"column":null}},"17":{"start":{"line":50,"column":8},"end":{"line":53,"column":null}},"18":{"start":{"line":51,"column":10},"end":{"line":51,"column":null}},"19":{"start":{"line":52,"column":10},"end":{"line":52,"column":null}},"20":{"start":{"line":55,"column":6},"end":{"line":55,"column":null}},"21":{"start":{"line":56,"column":6},"end":{"line":56,"column":null}},"22":{"start":{"line":61,"column":26},"end":{"line":63,"column":null}},"23":{"start":{"line":62,"column":4},"end":{"line":62,"column":null}},"24":{"start":{"line":65,"column":24},"end":{"line":76,"column":null}},"25":{"start":{"line":66,"column":4},"end":{"line":75,"column":null}},"26":{"start":{"line":67,"column":22},"end":{"line":67,"column":null}},"27":{"start":{"line":68,"column":6},"end":{"line":74,"column":null}},"28":{"start":{"line":69,"column":8},"end":{"line":69,"column":null}},"29":{"start":{"line":70,"column":6},"end":{"line":74,"column":null}},"30":{"start":{"line":71,"column":8},"end":{"line":71,"column":null}},"31":{"start":{"line":73,"column":8},"end":{"line":73,"column":null}},"32":{"start":{"line":78,"column":28},"end":{"line":85,"column":null}},"33":{"start":{"line":79,"column":4},"end":{"line":84,"column":null}},"34":{"start":{"line":80,"column":22},"end":{"line":80,"column":null}},"35":{"start":{"line":80,"column":38},"end":{"line":80,"column":44}},"36":{"start":{"line":81,"column":6},"end":{"line":81,"column":null}},"37":{"start":{"line":82,"column":6},"end":{"line":82,"column":null}},"38":{"start":{"line":83,"column":6},"end":{"line":83,"column":null}},"39":{"start":{"line":87,"column":31},"end":{"line":114,"column":null}},"40":{"start":{"line":89,"column":54},"end":{"line":89,"column":null}},"41":{"start":{"line":90,"column":4},"end":{"line":94,"column":null}},"42":{"start":{"line":90,"column":17},"end":{"line":90,"column":20}},"43":{"start":{"line":91,"column":6},"end":{"line":93,"column":null}},"44":{"start":{"line":91,"column":19},"end":{"line":91,"column":22}},"45":{"start":{"line":92,"column":8},"end":{"line":92,"column":null}},"46":{"start":{"line":97,"column":62},"end":{"line":97,"column":null}},"47":{"start":{"line":98,"column":4},"end":{"line":104,"column":null}},"48":{"start":{"line":98,"column":17},"end":{"line":98,"column":39}},"49":{"start":{"line":99,"column":27},"end":{"line":99,"column":null}},"50":{"start":{"line":100,"column":6},"end":{"line":103,"column":null}},"51":{"start":{"line":101,"column":8},"end":{"line":101,"column":null}},"52":{"start":{"line":102,"column":8},"end":{"line":102,"column":null}},"53":{"start":{"line":106,"column":4},"end":{"line":113,"column":null}},"54":{"start":{"line":108,"column":27},"end":{"line":108,"column":null}},"55":{"start":{"line":109,"column":22},"end":{"line":109,"column":null}},"56":{"start":{"line":109,"column":38},"end":{"line":109,"column":44}},"57":{"start":{"line":110,"column":6},"end":{"line":110,"column":null}},"58":{"start":{"line":111,"column":6},"end":{"line":111,"column":null}},"59":{"start":{"line":112,"column":6},"end":{"line":112,"column":null}},"60":{"start":{"line":116,"column":26},"end":{"line":118,"column":null}},"61":{"start":{"line":117,"column":4},"end":{"line":117,"column":null}},"62":{"start":{"line":120,"column":23},"end":{"line":125,"column":null}},"63":{"start":{"line":121,"column":25},"end":{"line":121,"column":null}},"64":{"start":{"line":122,"column":4},"end":{"line":124,"column":null}},"65":{"start":{"line":123,"column":6},"end":{"line":123,"column":null}},"66":{"start":{"line":127,"column":21},"end":{"line":127,"column":null}},"67":{"start":{"line":128,"column":21},"end":{"line":128,"column":null}},"68":{"start":{"line":130,"column":2},"end":{"line":230,"column":null}},"69":{"start":{"line":165,"column":12},"end":{"line":189,"column":null}},"70":{"start":{"line":168,"column":18},"end":{"line":181,"column":null}},"71":{"start":{"line":171,"column":35},"end":{"line":171,"column":null}},"72":{"start":{"line":195,"column":31},"end":{"line":195,"column":55}},"73":{"start":{"line":196,"column":31},"end":{"line":196,"column":55}},"74":{"start":{"line":197,"column":31},"end":{"line":197,"column":55}},"75":{"start":{"line":200,"column":31},"end":{"line":200,"column":55}},"76":{"start":{"line":201,"column":31},"end":{"line":201,"column":55}},"77":{"start":{"line":202,"column":31},"end":{"line":202,"column":55}},"78":{"start":{"line":205,"column":31},"end":{"line":205,"column":55}},"79":{"start":{"line":206,"column":31},"end":{"line":206,"column":55}},"80":{"start":{"line":207,"column":31},"end":{"line":207,"column":55}},"81":{"start":{"line":211,"column":31},"end":{"line":211,"column":55}}},"fnMap":{"0":{"name":"(anonymous_0)","decl":{"start":{"line":21,"column":54},"end":{"line":21,"column":55}},"loc":{"start":{"line":28,"column":6},"end":{"line":232,"column":null}},"line":28},"1":{"name":"(anonymous_1)","decl":{"start":{"line":32,"column":11},"end":{"line":32,"column":17}},"loc":{"start":{"line":32,"column":17},"end":{"line":32,"column":34}},"line":32},"2":{"name":"(anonymous_2)","decl":{"start":{"line":38,"column":12},"end":{"line":38,"column":18}},"loc":{"start":{"line":38,"column":18},"end":{"line":58,"column":5}},"line":38},"3":{"name":"(anonymous_3)","decl":{"start":{"line":61,"column":26},"end":{"line":61,"column":27}},"loc":{"start":{"line":61,"column":56},"end":{"line":63,"column":null}},"line":61},"4":{"name":"(anonymous_4)","decl":{"start":{"line":65,"column":24},"end":{"line":65,"column":30}},"loc":{"start":{"line":65,"column":30},"end":{"line":76,"column":null}},"line":65},"5":{"name":"(anonymous_5)","decl":{"start":{"line":78,"column":28},"end":{"line":78,"column":29}},"loc":{"start":{"line":78,"column":45},"end":{"line":85,"column":null}},"line":78},"6":{"name":"(anonymous_6)","decl":{"start":{"line":80,"column":31},"end":{"line":80,"column":32}},"loc":{"start":{"line":80,"column":38},"end":{"line":80,"column":44}},"line":80},"7":{"name":"(anonymous_7)","decl":{"start":{"line":87,"column":31},"end":{"line":87,"column":37}},"loc":{"start":{"line":87,"column":37},"end":{"line":114,"column":null}},"line":87},"8":{"name":"(anonymous_8)","decl":{"start":{"line":109,"column":31},"end":{"line":109,"column":32}},"loc":{"start":{"line":109,"column":38},"end":{"line":109,"column":44}},"line":109},"9":{"name":"(anonymous_9)","decl":{"start":{"line":116,"column":26},"end":{"line":116,"column":32}},"loc":{"start":{"line":116,"column":32},"end":{"line":118,"column":null}},"line":116},"10":{"name":"(anonymous_10)","decl":{"start":{"line":120,"column":23},"end":{"line":120,"column":29}},"loc":{"start":{"line":120,"column":29},"end":{"line":125,"column":null}},"line":120},"11":{"name":"(anonymous_11)","decl":{"start":{"line":164,"column":20},"end":{"line":164,"column":21}},"loc":{"start":{"line":165,"column":12},"end":{"line":189,"column":null}},"line":165},"12":{"name":"(anonymous_12)","decl":{"start":{"line":167,"column":25},"end":{"line":167,"column":26}},"loc":{"start":{"line":168,"column":18},"end":{"line":181,"column":null}},"line":168},"13":{"name":"(anonymous_13)","decl":{"start":{"line":171,"column":29},"end":{"line":171,"column":35}},"loc":{"start":{"line":171,"column":35},"end":{"line":171,"column":null}},"line":171},"14":{"name":"(anonymous_14)","decl":{"start":{"line":195,"column":25},"end":{"line":195,"column":31}},"loc":{"start":{"line":195,"column":31},"end":{"line":195,"column":55}},"line":195},"15":{"name":"(anonymous_15)","decl":{"start":{"line":196,"column":25},"end":{"line":196,"column":31}},"loc":{"start":{"line":196,"column":31},"end":{"line":196,"column":55}},"line":196},"16":{"name":"(anonymous_16)","decl":{"start":{"line":197,"column":25},"end":{"line":197,"column":31}},"loc":{"start":{"line":197,"column":31},"end":{"line":197,"column":55}},"line":197},"17":{"name":"(anonymous_17)","decl":{"start":{"line":200,"column":25},"end":{"line":200,"column":31}},"loc":{"start":{"line":200,"column":31},"end":{"line":200,"column":55}},"line":200},"18":{"name":"(anonymous_18)","decl":{"start":{"line":201,"column":25},"end":{"line":201,"column":31}},"loc":{"start":{"line":201,"column":31},"end":{"line":201,"column":55}},"line":201},"19":{"name":"(anonymous_19)","decl":{"start":{"line":202,"column":25},"end":{"line":202,"column":31}},"loc":{"start":{"line":202,"column":31},"end":{"line":202,"column":55}},"line":202},"20":{"name":"(anonymous_20)","decl":{"start":{"line":205,"column":25},"end":{"line":205,"column":31}},"loc":{"start":{"line":205,"column":31},"end":{"line":205,"column":55}},"line":205},"21":{"name":"(anonymous_21)","decl":{"start":{"line":206,"column":25},"end":{"line":206,"column":31}},"loc":{"start":{"line":206,"column":31},"end":{"line":206,"column":55}},"line":206},"22":{"name":"(anonymous_22)","decl":{"start":{"line":207,"column":25},"end":{"line":207,"column":31}},"loc":{"start":{"line":207,"column":31},"end":{"line":207,"column":55}},"line":207},"23":{"name":"(anonymous_23)","decl":{"start":{"line":211,"column":25},"end":{"line":211,"column":31}},"loc":{"start":{"line":211,"column":31},"end":{"line":211,"column":55}},"line":211}},"branchMap":{"0":{"loc":{"start":{"line":40,"column":22},"end":{"line":40,"column":null}},"type":"binary-expr","locations":[{"start":{"line":40,"column":22},"end":{"line":40,"column":52}},{"start":{"line":40,"column":52},"end":{"line":40,"column":null}}],"line":40},"1":{"loc":{"start":{"line":42,"column":4},"end":{"line":57,"column":null}},"type":"if","locations":[{"start":{"line":42,"column":4},"end":{"line":57,"column":null}},{"start":{},"end":{}}],"line":42},"2":{"loc":{"start":{"line":49,"column":26},"end":{"line":49,"column":null}},"type":"cond-expr","locations":[{"start":{"line":49,"column":55},"end":{"line":49,"column":61}},{"start":{"line":49,"column":61},"end":{"line":49,"column":null}}],"line":49},"3":{"loc":{"start":{"line":50,"column":8},"end":{"line":53,"column":null}},"type":"if","locations":[{"start":{"line":50,"column":8},"end":{"line":53,"column":null}},{"start":{},"end":{}}],"line":50},"4":{"loc":{"start":{"line":56,"column":30},"end":{"line":56,"column":75}},"type":"binary-expr","locations":[{"start":{"line":56,"column":30},"end":{"line":56,"column":48}},{"start":{"line":56,"column":48},"end":{"line":56,"column":75}}],"line":56},"5":{"loc":{"start":{"line":66,"column":4},"end":{"line":75,"column":null}},"type":"if","locations":[{"start":{"line":66,"column":4},"end":{"line":75,"column":null}},{"start":{},"end":{}}],"line":66},"6":{"loc":{"start":{"line":68,"column":6},"end":{"line":74,"column":null}},"type":"if","locations":[{"start":{"line":68,"column":6},"end":{"line":74,"column":null}},{"start":{"line":70,"column":6},"end":{"line":74,"column":null}}],"line":68},"7":{"loc":{"start":{"line":70,"column":6},"end":{"line":74,"column":null}},"type":"if","locations":[{"start":{"line":70,"column":6},"end":{"line":74,"column":null}},{"start":{"line":72,"column":13},"end":{"line":74,"column":null}}],"line":70},"8":{"loc":{"start":{"line":79,"column":4},"end":{"line":84,"column":null}},"type":"if","locations":[{"start":{"line":79,"column":4},"end":{"line":84,"column":null}},{"start":{},"end":{}}],"line":79},"9":{"loc":{"start":{"line":100,"column":6},"end":{"line":103,"column":null}},"type":"if","locations":[{"start":{"line":100,"column":6},"end":{"line":103,"column":null}},{"start":{},"end":{}}],"line":100},"10":{"loc":{"start":{"line":106,"column":4},"end":{"line":113,"column":null}},"type":"if","locations":[{"start":{"line":106,"column":4},"end":{"line":113,"column":null}},{"start":{},"end":{}}],"line":106},"11":{"loc":{"start":{"line":122,"column":4},"end":{"line":124,"column":null}},"type":"if","locations":[{"start":{"line":122,"column":4},"end":{"line":124,"column":null}},{"start":{},"end":{}}],"line":122},"12":{"loc":{"start":{"line":173,"column":22},"end":{"line":177,"column":null}},"type":"cond-expr","locations":[{"start":{"line":174,"column":26},"end":{"line":174,"column":null}},{"start":{"line":175,"column":26},"end":{"line":177,"column":null}}],"line":173},"13":{"loc":{"start":{"line":173,"column":22},"end":{"line":173,"column":null}},"type":"binary-expr","locations":[{"start":{"line":173,"column":22},"end":{"line":173,"column":54}},{"start":{"line":173,"column":54},"end":{"line":173,"column":null}}],"line":173},"14":{"loc":{"start":{"line":175,"column":26},"end":{"line":177,"column":null}},"type":"cond-expr","locations":[{"start":{"line":176,"column":26},"end":{"line":176,"column":null}},{"start":{"line":177,"column":26},"end":{"line":177,"column":null}}],"line":175},"15":{"loc":{"start":{"line":184,"column":15},"end":{"line":187,"column":null}},"type":"binary-expr","locations":[{"start":{"line":184,"column":15},"end":{"line":184,"column":null}},{"start":{"line":185,"column":16},"end":{"line":187,"column":null}}],"line":184},"16":{"loc":{"start":{"line":217,"column":19},"end":{"line":217,"column":null}},"type":"cond-expr","locations":[{"start":{"line":217,"column":38},"end":{"line":217,"column":55}},{"start":{"line":217,"column":55},"end":{"line":217,"column":null}}],"line":217},"17":{"loc":{"start":{"line":218,"column":20},"end":{"line":218,"column":null}},"type":"binary-expr","locations":[{"start":{"line":218,"column":20},"end":{"line":218,"column":40}},{"start":{"line":218,"column":40},"end":{"line":218,"column":null}}],"line":218},"18":{"loc":{"start":{"line":221,"column":11},"end":{"line":221,"column":null}},"type":"cond-expr","locations":[{"start":{"line":221,"column":30},"end":{"line":221,"column":40}},{"start":{"line":221,"column":40},"end":{"line":221,"column":null}}],"line":221},"19":{"loc":{"start":{"line":224,"column":7},"end":{"line":228,"column":null}},"type":"binary-expr","locations":[{"start":{"line":224,"column":7},"end":{"line":224,"column":null}},{"start":{"line":225,"column":8},"end":{"line":228,"column":null}}],"line":224}},"s":{"0":1,"1":20,"2":60,"3":20,"4":20,"5":20,"6":20,"7":13,"8":13,"9":13,"10":3,"11":3,"12":3,"13":3,"14":3,"15":3,"16":12,"17":12,"18":3,"19":3,"20":3,"21":3,"22":20,"23":4,"24":20,"25":7,"26":7,"27":7,"28":7,"29":0,"30":0,"31":0,"32":20,"33":7,"34":7,"35":21,"36":7,"37":7,"38":7,"39":20,"40":1,"41":1,"42":1,"43":3,"44":3,"45":12,"46":1,"47":1,"48":1,"49":12,"50":12,"51":1,"52":1,"53":1,"54":1,"55":1,"56":3,"57":1,"58":1,"59":1,"60":20,"61":0,"62":20,"63":1,"64":1,"65":1,"66":20,"67":20,"68":20,"69":60,"70":240,"71":4,"72":0,"73":0,"74":0,"75":0,"76":0,"77":2,"78":2,"79":1,"80":2,"81":0},"f":{"0":20,"1":60,"2":13,"3":4,"4":7,"5":7,"6":21,"7":1,"8":3,"9":0,"10":1,"11":60,"12":240,"13":4,"14":0,"15":0,"16":0,"17":0,"18":0,"19":2,"20":2,"21":1,"22":2,"23":0},"b":{"0":[13,9],"1":[3,10],"2":[9,3],"3":[3,9],"4":[3,1],"5":[7,0],"6":[7,0],"7":[0,0],"8":[7,0],"9":[1,11],"10":[1,0],"11":[1,0],"12":[20,220],"13":[240,80],"14":[7,213],"15":[60,20],"16":[8,12],"17":[20,8],"18":[8,12],"19":[20,8]},"meta":{"lastBranch":20,"lastFunction":24,"lastStatement":82,"seen":{"s:21:54:232:Infinity":0,"f:21:54:21:55":0,"s:29:22:33:Infinity":1,"f:32:11:32:17":1,"s:32:17:32:34":2,"s:34:34:34:Infinity":3,"s:35:46:35:Infinity":4,"s:36:54:36:Infinity":5,"s:38:2:58:Infinity":6,"f:38:12:38:18":2,"s:39:25:39:Infinity":7,"s:40:22:40:Infinity":8,"b:40:22:40:52:40:52:40:Infinity":0,"b:42:4:57:Infinity:undefined:undefined:undefined:undefined":1,"s:42:4:57:Infinity":9,"s:43:25:43:Infinity":10,"s:44:31:44:Infinity":11,"s:45:44:45:Infinity":12,"s:46:27:46:Infinity":13,"s:48:6:54:Infinity":14,"s:48:19:48:22":15,"s:49:26:49:Infinity":16,"b:49:55:49:61:49:61:49:Infinity":2,"b:50:8:53:Infinity:undefined:undefined:undefined:undefined":3,"s:50:8:53:Infinity":17,"s:51:10:51:Infinity":18,"s:52:10:52:Infinity":19,"s:55:6:55:Infinity":20,"s:56:6:56:Infinity":21,"b:56:30:56:48:56:48:56:75":4,"s:61:26:63:Infinity":22,"f:61:26:61:27":3,"s:62:4:62:Infinity":23,"s:65:24:76:Infinity":24,"f:65:24:65:30":4,"b:66:4:75:Infinity:undefined:undefined:undefined:undefined":5,"s:66:4:75:Infinity":25,"s:67:22:67:Infinity":26,"b:68:6:74:Infinity:70:6:74:Infinity":6,"s:68:6:74:Infinity":27,"s:69:8:69:Infinity":28,"b:70:6:74:Infinity:72:13:74:Infinity":7,"s:70:6:74:Infinity":29,"s:71:8:71:Infinity":30,"s:73:8:73:Infinity":31,"s:78:28:85:Infinity":32,"f:78:28:78:29":5,"b:79:4:84:Infinity:undefined:undefined:undefined:undefined":8,"s:79:4:84:Infinity":33,"s:80:22:80:Infinity":34,"f:80:31:80:32":6,"s:80:38:80:44":35,"s:81:6:81:Infinity":36,"s:82:6:82:Infinity":37,"s:83:6:83:Infinity":38,"s:87:31:114:Infinity":39,"f:87:31:87:37":7,"s:89:54:89:Infinity":40,"s:90:4:94:Infinity":41,"s:90:17:90:20":42,"s:91:6:93:Infinity":43,"s:91:19:91:22":44,"s:92:8:92:Infinity":45,"s:97:62:97:Infinity":46,"s:98:4:104:Infinity":47,"s:98:17:98:39":48,"s:99:27:99:Infinity":49,"b:100:6:103:Infinity:undefined:undefined:undefined:undefined":9,"s:100:6:103:Infinity":50,"s:101:8:101:Infinity":51,"s:102:8:102:Infinity":52,"b:106:4:113:Infinity:undefined:undefined:undefined:undefined":10,"s:106:4:113:Infinity":53,"s:108:27:108:Infinity":54,"s:109:22:109:Infinity":55,"f:109:31:109:32":8,"s:109:38:109:44":56,"s:110:6:110:Infinity":57,"s:111:6:111:Infinity":58,"s:112:6:112:Infinity":59,"s:116:26:118:Infinity":60,"f:116:26:116:32":9,"s:117:4:117:Infinity":61,"s:120:23:125:Infinity":62,"f:120:23:120:29":10,"s:121:25:121:Infinity":63,"b:122:4:124:Infinity:undefined:undefined:undefined:undefined":11,"s:122:4:124:Infinity":64,"s:123:6:123:Infinity":65,"s:127:21:127:Infinity":66,"s:128:21:128:Infinity":67,"s:130:2:230:Infinity":68,"f:164:20:164:21":11,"s:165:12:189:Infinity":69,"f:167:25:167:26":12,"s:168:18:181:Infinity":70,"f:171:29:171:35":13,"s:171:35:171:Infinity":71,"b:174:26:174:Infinity:175:26:177:Infinity":12,"b:173:22:173:54:173:54:173:Infinity":13,"b:176:26:176:Infinity:177:26:177:Infinity":14,"b:184:15:184:Infinity:185:16:187:Infinity":15,"f:195:25:195:31":14,"s:195:31:195:55":72,"f:196:25:196:31":15,"s:196:31:196:55":73,"f:197:25:197:31":16,"s:197:31:197:55":74,"f:200:25:200:31":17,"s:200:31:200:55":75,"f:201:25:201:31":18,"s:201:31:201:55":76,"f:202:25:202:31":19,"s:202:31:202:55":77,"f:205:25:205:31":20,"s:205:31:205:55":78,"f:206:25:206:31":21,"s:206:31:206:55":79,"f:207:25:207:31":22,"s:207:31:207:55":80,"f:211:25:211:31":23,"s:211:31:211:55":81,"b:217:38:217:55:217:55:217:Infinity":16,"b:218:20:218:40:218:40:218:Infinity":17,"b:221:30:221:40:221:40:221:Infinity":18,"b:224:7:224:Infinity:225:8:228:Infinity":19}}}
,"/app/src/components/quiz/AnswerChoices.tsx": {"path":"/app/src/components/quiz/AnswerChoices.tsx","statementMap":{"0":{"start":{"line":18,"column":4},"end":{"line":40,"column":null}},"1":{"start":{"line":21,"column":35},"end":{"line":21,"column":null}},"2":{"start":{"line":23,"column":36},"end":{"line":23,"column":null}},"3":{"start":{"line":25,"column":34},"end":{"line":25,"column":null}},"4":{"start":{"line":26,"column":16},"end":{"line":32,"column":null}},"5":{"start":{"line":27,"column":20},"end":{"line":27,"column":null}},"6":{"start":{"line":28,"column":16},"end":{"line":32,"column":null}},"7":{"start":{"line":29,"column":20},"end":{"line":29,"column":null}},"8":{"start":{"line":30,"column":16},"end":{"line":32,"column":null}},"9":{"start":{"line":31,"column":20},"end":{"line":31,"column":null}},"10":{"start":{"line":34,"column":16},"end":{"line":37,"column":null}},"11":{"start":{"line":35,"column":56},"end":{"line":35,"column":74}}},"fnMap":{"0":{"name":"AnswerChoices","decl":{"start":{"line":10,"column":24},"end":{"line":10,"column":38}},"loc":{"start":{"line":17,"column":23},"end":{"line":42,"column":null}},"line":17},"1":{"name":"(anonymous_1)","decl":{"start":{"line":20,"column":25},"end":{"line":20,"column":26}},"loc":{"start":{"line":20,"column":37},"end":{"line":39,"column":13}},"line":20},"2":{"name":"(anonymous_2)","decl":{"start":{"line":35,"column":50},"end":{"line":35,"column":56}},"loc":{"start":{"line":35,"column":56},"end":{"line":35,"column":74}},"line":35}},"branchMap":{"0":{"loc":{"start":{"line":23,"column":36},"end":{"line":23,"column":null}},"type":"binary-expr","locations":[{"start":{"line":23,"column":36},"end":{"line":23,"column":63}},{"start":{"line":23,"column":63},"end":{"line":23,"column":86}},{"start":{"line":23,"column":86},"end":{"line":23,"column":null}}],"line":23},"1":{"loc":{"start":{"line":26,"column":16},"end":{"line":32,"column":null}},"type":"if","locations":[{"start":{"line":26,"column":16},"end":{"line":32,"column":null}},{"start":{"line":28,"column":16},"end":{"line":32,"column":null}}],"line":26},"2":{"loc":{"start":{"line":26,"column":20},"end":{"line":26,"column":54}},"type":"binary-expr","locations":[{"start":{"line":26,"column":20},"end":{"line":26,"column":34}},{"start":{"line":26,"column":34},"end":{"line":26,"column":54}}],"line":26},"3":{"loc":{"start":{"line":28,"column":16},"end":{"line":32,"column":null}},"type":"if","locations":[{"start":{"line":28,"column":16},"end":{"line":32,"column":null}},{"start":{"line":30,"column":16},"end":{"line":32,"column":null}}],"line":28},"4":{"loc":{"start":{"line":28,"column":27},"end":{"line":28,"column":62}},"type":"binary-expr","locations":[{"start":{"line":28,"column":27},"end":{"line":28,"column":41}},{"start":{"line":28,"column":41},"end":{"line":28,"column":62}}],"line":28},"5":{"loc":{"start":{"line":30,"column":16},"end":{"line":32,"column":null}},"type":"if","locations":[{"start":{"line":30,"column":16},"end":{"line":32,"column":null}},{"start":{},"end":{}}],"line":30}},"s":{"0":3,"1":12,"2":12,"3":12,"4":12,"5":0,"6":12,"7":0,"8":12,"9":0,"10":12,"11":1},"f":{"0":3,"1":12,"2":1},"b":{"0":[12,0,0],"1":[0,12],"2":[12,0],"3":[0,12],"4":[12,0],"5":[0,12]},"meta":{"lastBranch":6,"lastFunction":3,"lastStatement":12,"seen":{"f:10:24:10:38":0,"s:18:4:40:Infinity":0,"f:20:25:20:26":1,"s:21:35:21:Infinity":1,"s:23:36:23:Infinity":2,"b:23:36:23:63:23:63:23:86:23:86:23:Infinity":0,"s:25:34:25:Infinity":3,"b:26:16:32:Infinity:28:16:32:Infinity":1,"s:26:16:32:Infinity":4,"b:26:20:26:34:26:34:26:54":2,"s:27:20:27:Infinity":5,"b:28:16:32:Infinity:30:16:32:Infinity":3,"s:28:16:32:Infinity":6,"b:28:27:28:41:28:41:28:62":4,"s:29:20:29:Infinity":7,"b:30:16:32:Infinity:undefined:undefined:undefined:undefined":5,"s:30:16:32:Infinity":8,"s:31:20:31:Infinity":9,"s:34:16:37:Infinity":10,"f:35:50:35:56":2,"s:35:56:35:74":11}}}
,"/app/src/components/quiz/QuestionDisplay.tsx": {"path":"/app/src/components/quiz/QuestionDisplay.tsx","statementMap":{"0":{"start":{"line":10,"column":4},"end":{"line":18,"column":null}}},"fnMap":{"0":{"name":"QuestionDisplay","decl":{"start":{"line":9,"column":24},"end":{"line":9,"column":40}},"loc":{"start":{"line":9,"column":89},"end":{"line":20,"column":null}},"line":9}},"branchMap":{"0":{"loc":{"start":{"line":12,"column":68},"end":{"line":12,"column":110}},"type":"cond-expr","locations":[{"start":{"line":12,"column":82},"end":{"line":12,"column":97}},{"start":{"line":12,"column":97},"end":{"line":12,"column":110}}],"line":12},"1":{"loc":{"start":{"line":13,"column":17},"end":{"line":13,"column":null}},"type":"binary-expr","locations":[{"start":{"line":13,"column":17},"end":{"line":13,"column":38}},{"start":{"line":13,"column":38},"end":{"line":13,"column":null}}],"line":13},"2":{"loc":{"start":{"line":14,"column":44},"end":{"line":14,"column":107}},"type":"cond-expr","locations":[{"start":{"line":14,"column":64},"end":{"line":14,"column":91}},{"start":{"line":14,"column":91},"end":{"line":14,"column":107}}],"line":14}},"s":{"0":3},"f":{"0":3},"b":{"0":[1,2],"1":[3,1],"2":[1,2]},"meta":{"lastBranch":3,"lastFunction":1,"lastStatement":1,"seen":{"f:9:24:9:40":0,"s:10:4:18:Infinity":0,"b:12:82:12:97:12:97:12:110":0,"b:13:17:13:38:13:38:13:Infinity":1,"b:14:64:14:91:14:91:14:107":2}}}
,"/app/src/hooks/useQuiz.ts": {"path":"/app/src/hooks/useQuiz.ts","statementMap":{"0":{"start":{"line":13,"column":23},"end":{"line":148,"column":null}},"1":{"start":{"line":14,"column":56},"end":{"line":14,"column":null}},"2":{"start":{"line":15,"column":52},"end":{"line":15,"column":null}},"3":{"start":{"line":16,"column":32},"end":{"line":16,"column":null}},"4":{"start":{"line":16,"column":61},"end":{"line":16,"column":114}},"5":{"start":{"line":17,"column":38},"end":{"line":17,"column":null}},"6":{"start":{"line":18,"column":32},"end":{"line":18,"column":null}},"7":{"start":{"line":19,"column":44},"end":{"line":19,"column":null}},"8":{"start":{"line":20,"column":38},"end":{"line":20,"column":null}},"9":{"start":{"line":21,"column":34},"end":{"line":21,"column":null}},"10":{"start":{"line":22,"column":10},"end":{"line":22,"column":null}},"11":{"start":{"line":23,"column":10},"end":{"line":23,"column":null}},"12":{"start":{"line":24,"column":10},"end":{"line":24,"column":null}},"13":{"start":{"line":25,"column":10},"end":{"line":25,"column":null}},"14":{"start":{"line":28,"column":48},"end":{"line":28,"column":null}},"15":{"start":{"line":30,"column":27},"end":{"line":30,"column":null}},"16":{"start":{"line":33,"column":4},"end":{"line":40,"column":null}},"17":{"start":{"line":34,"column":8},"end":{"line":39,"column":null}},"18":{"start":{"line":35,"column":26},"end":{"line":37,"column":null}},"19":{"start":{"line":36,"column":16},"end":{"line":36,"column":null}},"20":{"start":{"line":36,"column":37},"end":{"line":36,"column":45}},"21":{"start":{"line":38,"column":12},"end":{"line":38,"column":null}},"22":{"start":{"line":38,"column":25},"end":{"line":38,"column":null}},"23":{"start":{"line":43,"column":4},"end":{"line":56,"column":null}},"24":{"start":{"line":44,"column":8},"end":{"line":44,"column":null}},"25":{"start":{"line":44,"column":27},"end":{"line":44,"column":null}},"26":{"start":{"line":46,"column":8},"end":{"line":46,"column":null}},"27":{"start":{"line":47,"column":8},"end":{"line":49,"column":null}},"28":{"start":{"line":48,"column":12},"end":{"line":48,"column":null}},"29":{"start":{"line":51,"column":8},"end":{"line":55,"column":null}},"30":{"start":{"line":52,"column":12},"end":{"line":54,"column":null}},"31":{"start":{"line":53,"column":16},"end":{"line":53,"column":null}},"32":{"start":{"line":59,"column":4},"end":{"line":68,"column":null}},"33":{"start":{"line":60,"column":8},"end":{"line":67,"column":null}},"34":{"start":{"line":61,"column":12},"end":{"line":61,"column":null}},"35":{"start":{"line":62,"column":12},"end":{"line":64,"column":null}},"36":{"start":{"line":63,"column":16},"end":{"line":63,"column":null}},"37":{"start":{"line":65,"column":18},"end":{"line":65,"column":null}},"38":{"start":{"line":66,"column":12},"end":{"line":66,"column":null}},"39":{"start":{"line":71,"column":31},"end":{"line":97,"column":null}},"40":{"start":{"line":73,"column":8},"end":{"line":75,"column":null}},"41":{"start":{"line":74,"column":12},"end":{"line":74,"column":null}},"42":{"start":{"line":78,"column":8},"end":{"line":86,"column":null}},"43":{"start":{"line":79,"column":35},"end":{"line":79,"column":null}},"44":{"start":{"line":80,"column":12},"end":{"line":80,"column":null}},"45":{"start":{"line":81,"column":12},"end":{"line":81,"column":null}},"46":{"start":{"line":83,"column":12},"end":{"line":85,"column":null}},"47":{"start":{"line":84,"column":16},"end":{"line":84,"column":null}},"48":{"start":{"line":88,"column":8},"end":{"line":88,"column":null}},"49":{"start":{"line":89,"column":8},"end":{"line":89,"column":null}},"50":{"start":{"line":90,"column":8},"end":{"line":90,"column":null}},"51":{"start":{"line":91,"column":8},"end":{"line":91,"column":null}},"52":{"start":{"line":93,"column":8},"end":{"line":95,"column":null}},"53":{"start":{"line":94,"column":12},"end":{"line":94,"column":null}},"54":{"start":{"line":96,"column":8},"end":{"line":96,"column":null}},"55":{"start":{"line":96,"column":40},"end":{"line":96,"column":48}},"56":{"start":{"line":99,"column":25},"end":{"line":132,"column":null}},"57":{"start":{"line":100,"column":8},"end":{"line":100,"column":null}},"58":{"start":{"line":100,"column":25},"end":{"line":100,"column":null}},"59":{"start":{"line":103,"column":8},"end":{"line":106,"column":null}},"60":{"start":{"line":104,"column":12},"end":{"line":104,"column":null}},"61":{"start":{"line":105,"column":12},"end":{"line":105,"column":null}},"62":{"start":{"line":108,"column":8},"end":{"line":108,"column":null}},"63":{"start":{"line":109,"column":8},"end":{"line":109,"column":null}},"64":{"start":{"line":111,"column":26},"end":{"line":111,"column":null}},"65":{"start":{"line":112,"column":8},"end":{"line":112,"column":null}},"66":{"start":{"line":114,"column":8},"end":{"line":131,"column":null}},"67":{"start":{"line":115,"column":12},"end":{"line":115,"column":null}},"68":{"start":{"line":115,"column":42},"end":{"line":115,"column":50}},"69":{"start":{"line":116,"column":38},"end":{"line":116,"column":null}},"70":{"start":{"line":117,"column":12},"end":{"line":117,"column":null}},"71":{"start":{"line":120,"column":12},"end":{"line":130,"column":null}},"72":{"start":{"line":122,"column":16},"end":{"line":126,"column":null}},"73":{"start":{"line":123,"column":20},"end":{"line":123,"column":null}},"74":{"start":{"line":124,"column":20},"end":{"line":124,"column":null}},"75":{"start":{"line":125,"column":20},"end":{"line":125,"column":null}},"76":{"start":{"line":128,"column":42},"end":{"line":128,"column":null}},"77":{"start":{"line":129,"column":16},"end":{"line":129,"column":null}},"78":{"start":{"line":134,"column":4},"end":{"line":147,"column":null}}},"fnMap":{"0":{"name":"(anonymous_0)","decl":{"start":{"line":13,"column":23},"end":{"line":13,"column":24}},"loc":{"start":{"line":13,"column":102},"end":{"line":148,"column":null}},"line":13},"1":{"name":"(anonymous_1)","decl":{"start":{"line":16,"column":55},"end":{"line":16,"column":61}},"loc":{"start":{"line":16,"column":61},"end":{"line":16,"column":114}},"line":16},"2":{"name":"(anonymous_2)","decl":{"start":{"line":33,"column":14},"end":{"line":33,"column":20}},"loc":{"start":{"line":33,"column":20},"end":{"line":40,"column":7}},"line":33},"3":{"name":"(anonymous_3)","decl":{"start":{"line":35,"column":37},"end":{"line":35,"column":43}},"loc":{"start":{"line":35,"column":43},"end":{"line":37,"column":15}},"line":35},"4":{"name":"(anonymous_4)","decl":{"start":{"line":36,"column":29},"end":{"line":36,"column":37}},"loc":{"start":{"line":36,"column":37},"end":{"line":36,"column":45}},"line":36},"5":{"name":"(anonymous_5)","decl":{"start":{"line":38,"column":19},"end":{"line":38,"column":25}},"loc":{"start":{"line":38,"column":25},"end":{"line":38,"column":null}},"line":38},"6":{"name":"(anonymous_6)","decl":{"start":{"line":43,"column":14},"end":{"line":43,"column":20}},"loc":{"start":{"line":43,"column":20},"end":{"line":56,"column":7}},"line":43},"7":{"name":"(anonymous_7)","decl":{"start":{"line":47,"column":54},"end":{"line":47,"column":60}},"loc":{"start":{"line":47,"column":60},"end":{"line":49,"column":11}},"line":47},"8":{"name":"(anonymous_8)","decl":{"start":{"line":51,"column":15},"end":{"line":51,"column":21}},"loc":{"start":{"line":51,"column":21},"end":{"line":55,"column":null}},"line":51},"9":{"name":"(anonymous_9)","decl":{"start":{"line":59,"column":14},"end":{"line":59,"column":20}},"loc":{"start":{"line":59,"column":20},"end":{"line":68,"column":7}},"line":59},"10":{"name":"(anonymous_10)","decl":{"start":{"line":71,"column":31},"end":{"line":71,"column":37}},"loc":{"start":{"line":71,"column":37},"end":{"line":97,"column":null}},"line":71},"11":{"name":"(anonymous_11)","decl":{"start":{"line":83,"column":58},"end":{"line":83,"column":64}},"loc":{"start":{"line":83,"column":64},"end":{"line":85,"column":15}},"line":83},"12":{"name":"(anonymous_12)","decl":{"start":{"line":96,"column":32},"end":{"line":96,"column":40}},"loc":{"start":{"line":96,"column":40},"end":{"line":96,"column":48}},"line":96},"13":{"name":"(anonymous_13)","decl":{"start":{"line":99,"column":25},"end":{"line":99,"column":26}},"loc":{"start":{"line":99,"column":47},"end":{"line":132,"column":null}},"line":99},"14":{"name":"(anonymous_14)","decl":{"start":{"line":115,"column":34},"end":{"line":115,"column":42}},"loc":{"start":{"line":115,"column":42},"end":{"line":115,"column":50}},"line":115},"15":{"name":"(anonymous_15)","decl":{"start":{"line":122,"column":27},"end":{"line":122,"column":33}},"loc":{"start":{"line":122,"column":33},"end":{"line":126,"column":19}},"line":122}},"branchMap":{"0":{"loc":{"start":{"line":34,"column":8},"end":{"line":39,"column":null}},"type":"if","locations":[{"start":{"line":34,"column":8},"end":{"line":39,"column":null}},{"start":{},"end":{}}],"line":34},"1":{"loc":{"start":{"line":44,"column":8},"end":{"line":44,"column":null}},"type":"if","locations":[{"start":{"line":44,"column":8},"end":{"line":44,"column":null}},{"start":{},"end":{}}],"line":44},"2":{"loc":{"start":{"line":52,"column":12},"end":{"line":54,"column":null}},"type":"if","locations":[{"start":{"line":52,"column":12},"end":{"line":54,"column":null}},{"start":{},"end":{}}],"line":52},"3":{"loc":{"start":{"line":60,"column":8},"end":{"line":67,"column":null}},"type":"if","locations":[{"start":{"line":60,"column":8},"end":{"line":67,"column":null}},{"start":{},"end":{}}],"line":60},"4":{"loc":{"start":{"line":60,"column":12},"end":{"line":60,"column":76}},"type":"binary-expr","locations":[{"start":{"line":60,"column":12},"end":{"line":60,"column":53}},{"start":{"line":60,"column":53},"end":{"line":60,"column":76}}],"line":60},"5":{"loc":{"start":{"line":62,"column":12},"end":{"line":64,"column":null}},"type":"if","locations":[{"start":{"line":62,"column":12},"end":{"line":64,"column":null}},{"start":{},"end":{}}],"line":62},"6":{"loc":{"start":{"line":73,"column":8},"end":{"line":75,"column":null}},"type":"if","locations":[{"start":{"line":73,"column":8},"end":{"line":75,"column":null}},{"start":{},"end":{}}],"line":73},"7":{"loc":{"start":{"line":78,"column":8},"end":{"line":86,"column":null}},"type":"if","locations":[{"start":{"line":78,"column":8},"end":{"line":86,"column":null}},{"start":{},"end":{}}],"line":78},"8":{"loc":{"start":{"line":93,"column":8},"end":{"line":95,"column":null}},"type":"if","locations":[{"start":{"line":93,"column":8},"end":{"line":95,"column":null}},{"start":{},"end":{}}],"line":93},"9":{"loc":{"start":{"line":100,"column":8},"end":{"line":100,"column":null}},"type":"if","locations":[{"start":{"line":100,"column":8},"end":{"line":100,"column":null}},{"start":{},"end":{}}],"line":100},"10":{"loc":{"start":{"line":103,"column":8},"end":{"line":106,"column":null}},"type":"if","locations":[{"start":{"line":103,"column":8},"end":{"line":106,"column":null}},{"start":{},"end":{}}],"line":103},"11":{"loc":{"start":{"line":114,"column":8},"end":{"line":131,"column":null}},"type":"if","locations":[{"start":{"line":114,"column":8},"end":{"line":131,"column":null}},{"start":{"line":118,"column":15},"end":{"line":131,"column":null}}],"line":114},"12":{"loc":{"start":{"line":120,"column":12},"end":{"line":130,"column":null}},"type":"if","locations":[{"start":{"line":120,"column":12},"end":{"line":130,"column":null}},{"start":{"line":127,"column":19},"end":{"line":130,"column":null}}],"line":120}},"s":{"0":1,"1":30,"2":30,"3":30,"4":6,"5":30,"6":30,"7":30,"8":30,"9":30,"10":30,"11":30,"12":30,"13":30,"14":30,"15":30,"16":30,"17":21,"18":16,"19":15,"20":15,"21":16,"22":16,"23":30,"24":21,"25":16,"26":5,"27":5,"28":0,"29":5,"30":5,"31":5,"32":30,"33":12,"34":1,"35":1,"36":1,"37":1,"38":1,"39":30,"40":5,"41":1,"42":5,"43":5,"44":5,"45":5,"46":5,"47":0,"48":5,"49":5,"50":5,"51":5,"52":5,"53":4,"54":5,"55":5,"56":30,"57":5,"58":0,"59":5,"60":5,"61":5,"62":5,"63":5,"64":5,"65":5,"66":5,"67":3,"68":3,"69":3,"70":3,"71":2,"72":1,"73":1,"74":1,"75":1,"76":1,"77":1,"78":30},"f":{"0":30,"1":6,"2":21,"3":15,"4":15,"5":16,"6":21,"7":0,"8":5,"9":12,"10":5,"11":0,"12":5,"13":5,"14":3,"15":1},"b":{"0":[16,5],"1":[16,5],"2":[5,0],"3":[1,11],"4":[12,1],"5":[1,0],"6":[1,4],"7":[5,0],"8":[4,1],"9":[0,5],"10":[5,0],"11":[3,2],"12":[1,1]},"meta":{"lastBranch":13,"lastFunction":16,"lastStatement":79,"seen":{"s:13:23:148:Infinity":0,"f:13:23:13:24":0,"s:14:56:14:Infinity":1,"s:15:52:15:Infinity":2,"s:16:32:16:Infinity":3,"f:16:55:16:61":1,"s:16:61:16:114":4,"s:17:38:17:Infinity":5,"s:18:32:18:Infinity":6,"s:19:44:19:Infinity":7,"s:20:38:20:Infinity":8,"s:21:34:21:Infinity":9,"s:22:10:22:Infinity":10,"s:23:10:23:Infinity":11,"s:24:10:24:Infinity":12,"s:25:10:25:Infinity":13,"s:28:48:28:Infinity":14,"s:30:27:30:Infinity":15,"s:33:4:40:Infinity":16,"f:33:14:33:20":2,"b:34:8:39:Infinity:undefined:undefined:undefined:undefined":0,"s:34:8:39:Infinity":17,"s:35:26:37:Infinity":18,"f:35:37:35:43":3,"s:36:16:36:Infinity":19,"f:36:29:36:37":4,"s:36:37:36:45":20,"s:38:12:38:Infinity":21,"f:38:19:38:25":5,"s:38:25:38:Infinity":22,"s:43:4:56:Infinity":23,"f:43:14:43:20":6,"b:44:8:44:Infinity:undefined:undefined:undefined:undefined":1,"s:44:8:44:Infinity":24,"s:44:27:44:Infinity":25,"s:46:8:46:Infinity":26,"s:47:8:49:Infinity":27,"f:47:54:47:60":7,"s:48:12:48:Infinity":28,"s:51:8:55:Infinity":29,"f:51:15:51:21":8,"b:52:12:54:Infinity:undefined:undefined:undefined:undefined":2,"s:52:12:54:Infinity":30,"s:53:16:53:Infinity":31,"s:59:4:68:Infinity":32,"f:59:14:59:20":9,"b:60:8:67:Infinity:undefined:undefined:undefined:undefined":3,"s:60:8:67:Infinity":33,"b:60:12:60:53:60:53:60:76":4,"s:61:12:61:Infinity":34,"b:62:12:64:Infinity:undefined:undefined:undefined:undefined":5,"s:62:12:64:Infinity":35,"s:63:16:63:Infinity":36,"s:65:18:65:Infinity":37,"s:66:12:66:Infinity":38,"s:71:31:97:Infinity":39,"f:71:31:71:37":10,"b:73:8:75:Infinity:undefined:undefined:undefined:undefined":6,"s:73:8:75:Infinity":40,"s:74:12:74:Infinity":41,"b:78:8:86:Infinity:undefined:undefined:undefined:undefined":7,"s:78:8:86:Infinity":42,"s:79:35:79:Infinity":43,"s:80:12:80:Infinity":44,"s:81:12:81:Infinity":45,"s:83:12:85:Infinity":46,"f:83:58:83:64":11,"s:84:16:84:Infinity":47,"s:88:8:88:Infinity":48,"s:89:8:89:Infinity":49,"s:90:8:90:Infinity":50,"s:91:8:91:Infinity":51,"b:93:8:95:Infinity:undefined:undefined:undefined:undefined":8,"s:93:8:95:Infinity":52,"s:94:12:94:Infinity":53,"s:96:8:96:Infinity":54,"f:96:32:96:40":12,"s:96:40:96:48":55,"s:99:25:132:Infinity":56,"f:99:25:99:26":13,"b:100:8:100:Infinity:undefined:undefined:undefined:undefined":9,"s:100:8:100:Infinity":57,"s:100:25:100:Infinity":58,"b:103:8:106:Infinity:undefined:undefined:undefined:undefined":10,"s:103:8:106:Infinity":59,"s:104:12:104:Infinity":60,"s:105:12:105:Infinity":61,"s:108:8:108:Infinity":62,"s:109:8:109:Infinity":63,"s:111:26:111:Infinity":64,"s:112:8:112:Infinity":65,"b:114:8:131:Infinity:118:15:131:Infinity":11,"s:114:8:131:Infinity":66,"s:115:12:115:Infinity":67,"f:115:34:115:42":14,"s:115:42:115:50":68,"s:116:38:116:Infinity":69,"s:117:12:117:Infinity":70,"b:120:12:130:Infinity:127:19:130:Infinity":12,"s:120:12:130:Infinity":71,"s:122:16:126:Infinity":72,"f:122:27:122:33":15,"s:123:20:123:Infinity":73,"s:124:20:124:Infinity":74,"s:125:20:125:Infinity":75,"s:128:42:128:Infinity":76,"s:129:16:129:Infinity":77,"s:134:4:147:Infinity":78}}}
,"/app/src/questions/Grade1CalcGenerator.ts": {"path":"/app/src/questions/Grade1CalcGenerator.ts","statementMap":{"0":{"start":{"line":9,"column":19},"end":{"line":9,"column":null}},"1":{"start":{"line":10,"column":28},"end":{"line":10,"column":null}},"2":{"start":{"line":11,"column":27},"end":{"line":11,"column":null}},"3":{"start":{"line":13,"column":8},"end":{"line":23,"column":null}},"4":{"start":{"line":14,"column":25},"end":{"line":14,"column":null}},"5":{"start":{"line":15,"column":25},"end":{"line":15,"column":null}},"6":{"start":{"line":16,"column":12},"end":{"line":16,"column":null}},"7":{"start":{"line":17,"column":12},"end":{"line":17,"column":null}},"8":{"start":{"line":19,"column":25},"end":{"line":19,"column":null}},"9":{"start":{"line":20,"column":25},"end":{"line":20,"column":null}},"10":{"start":{"line":21,"column":12},"end":{"line":21,"column":null}},"11":{"start":{"line":22,"column":12},"end":{"line":22,"column":null}},"12":{"start":{"line":26,"column":24},"end":{"line":26,"column":null}},"13":{"start":{"line":27,"column":8},"end":{"line":35,"column":null}},"14":{"start":{"line":28,"column":24},"end":{"line":28,"column":null}},"15":{"start":{"line":30,"column":12},"end":{"line":30,"column":null}},"16":{"start":{"line":30,"column":27},"end":{"line":30,"column":null}},"17":{"start":{"line":32,"column":12},"end":{"line":34,"column":null}},"18":{"start":{"line":33,"column":16},"end":{"line":33,"column":null}},"19":{"start":{"line":37,"column":8},"end":{"line":41,"column":null}},"20":{"start":{"line":40,"column":52},"end":{"line":40,"column":71}}},"fnMap":{"0":{"name":"(anonymous_0)","decl":{"start":{"line":8,"column":4},"end":{"line":8,"column":13}},"loc":{"start":{"line":8,"column":47},"end":{"line":42,"column":null}},"line":8},"1":{"name":"(anonymous_1)","decl":{"start":{"line":40,"column":46},"end":{"line":40,"column":52}},"loc":{"start":{"line":40,"column":52},"end":{"line":40,"column":71}},"line":40}},"branchMap":{"0":{"loc":{"start":{"line":13,"column":8},"end":{"line":23,"column":null}},"type":"if","locations":[{"start":{"line":13,"column":8},"end":{"line":23,"column":null}},{"start":{"line":18,"column":15},"end":{"line":23,"column":null}}],"line":13},"1":{"loc":{"start":{"line":30,"column":12},"end":{"line":30,"column":null}},"type":"if","locations":[{"start":{"line":30,"column":12},"end":{"line":30,"column":null}},{"start":{},"end":{}}],"line":30},"2":{"loc":{"start":{"line":32,"column":12},"end":{"line":34,"column":null}},"type":"if","locations":[{"start":{"line":32,"column":12},"end":{"line":34,"column":null}},{"start":{},"end":{}}],"line":32}},"s":{"0":80,"1":80,"2":80,"3":80,"4":40,"5":40,"6":40,"7":40,"8":40,"9":40,"10":40,"11":40,"12":80,"13":80,"14":312,"15":312,"16":20,"17":312,"18":277,"19":80,"20":374},"f":{"0":80,"1":374},"b":{"0":[40,40],"1":[20,292],"2":[277,35]},"meta":{"lastBranch":3,"lastFunction":2,"lastStatement":21,"seen":{"f:8:4:8:13":0,"s:9:19:9:Infinity":0,"s:10:28:10:Infinity":1,"s:11:27:11:Infinity":2,"b:13:8:23:Infinity:18:15:23:Infinity":0,"s:13:8:23:Infinity":3,"s:14:25:14:Infinity":4,"s:15:25:15:Infinity":5,"s:16:12:16:Infinity":6,"s:17:12:17:Infinity":7,"s:19:25:19:Infinity":8,"s:20:25:20:Infinity":9,"s:21:12:21:Infinity":10,"s:22:12:22:Infinity":11,"s:26:24:26:Infinity":12,"s:27:8:35:Infinity":13,"s:28:24:28:Infinity":14,"b:30:12:30:Infinity:undefined:undefined:undefined:undefined":1,"s:30:12:30:Infinity":15,"s:30:27:30:Infinity":16,"b:32:12:34:Infinity:undefined:undefined:undefined:undefined":2,"s:32:12:34:Infinity":17,"s:33:16:33:Infinity":18,"s:37:8:41:Infinity":19,"f:40:46:40:52":1,"s:40:52:40:71":20}}}
,"/app/src/questions/Grade2KukuGenerator.ts": {"path":"/app/src/questions/Grade2KukuGenerator.ts","statementMap":{"0":{"start":{"line":9,"column":21},"end":{"line":9,"column":null}},"1":{"start":{"line":10,"column":21},"end":{"line":10,"column":null}},"2":{"start":{"line":11,"column":30},"end":{"line":11,"column":null}},"3":{"start":{"line":12,"column":21},"end":{"line":12,"column":null}},"4":{"start":{"line":15,"column":20},"end":{"line":15,"column":null}},"5":{"start":{"line":16,"column":4},"end":{"line":24,"column":null}},"6":{"start":{"line":17,"column":18},"end":{"line":17,"column":null}},"7":{"start":{"line":19,"column":6},"end":{"line":19,"column":null}},"8":{"start":{"line":19,"column":21},"end":{"line":19,"column":null}},"9":{"start":{"line":21,"column":6},"end":{"line":23,"column":null}},"10":{"start":{"line":22,"column":8},"end":{"line":22,"column":null}},"11":{"start":{"line":26,"column":4},"end":{"line":30,"column":null}},"12":{"start":{"line":29,"column":46},"end":{"line":29,"column":65}}},"fnMap":{"0":{"name":"(anonymous_0)","decl":{"start":{"line":8,"column":4},"end":{"line":8,"column":13}},"loc":{"start":{"line":8,"column":47},"end":{"line":31,"column":null}},"line":8},"1":{"name":"(anonymous_1)","decl":{"start":{"line":29,"column":40},"end":{"line":29,"column":46}},"loc":{"start":{"line":29,"column":46},"end":{"line":29,"column":65}},"line":29}},"branchMap":{"0":{"loc":{"start":{"line":19,"column":6},"end":{"line":19,"column":null}},"type":"if","locations":[{"start":{"line":19,"column":6},"end":{"line":19,"column":null}},{"start":{},"end":{}}],"line":19},"1":{"loc":{"start":{"line":21,"column":6},"end":{"line":23,"column":null}},"type":"if","locations":[{"start":{"line":21,"column":6},"end":{"line":23,"column":null}},{"start":{},"end":{}}],"line":21}},"s":{"0":80,"1":80,"2":80,"3":80,"4":80,"5":80,"6":305,"7":305,"8":6,"9":305,"10":267,"11":80,"12":392},"f":{"0":80,"1":392},"b":{"0":[6,299],"1":[267,38]},"meta":{"lastBranch":2,"lastFunction":2,"lastStatement":13,"seen":{"f:8:4:8:13":0,"s:9:21:9:Infinity":0,"s:10:21:10:Infinity":1,"s:11:30:11:Infinity":2,"s:12:21:12:Infinity":3,"s:15:20:15:Infinity":4,"s:16:4:24:Infinity":5,"s:17:18:17:Infinity":6,"b:19:6:19:Infinity:undefined:undefined:undefined:undefined":0,"s:19:6:19:Infinity":7,"s:19:21:19:Infinity":8,"b:21:6:23:Infinity:undefined:undefined:undefined:undefined":1,"s:21:6:23:Infinity":9,"s:22:8:22:Infinity":10,"s:26:4:30:Infinity":11,"f:29:40:29:46":1,"s:29:46:29:65":12}}}
,"/app/src/questions/Grade4GeometryGenerator.ts": {"path":"/app/src/questions/Grade4GeometryGenerator.ts","statementMap":{"0":{"start":{"line":10,"column":19},"end":{"line":10,"column":null}},"1":{"start":{"line":11,"column":28},"end":{"line":11,"column":null}},"2":{"start":{"line":14,"column":22},"end":{"line":14,"column":null}},"3":{"start":{"line":16,"column":4},"end":{"line":47,"column":null}},"4":{"start":{"line":18,"column":16},"end":{"line":18,"column":null}},"5":{"start":{"line":19,"column":16},"end":{"line":19,"column":null}},"6":{"start":{"line":20,"column":6},"end":{"line":20,"column":null}},"7":{"start":{"line":21,"column":6},"end":{"line":21,"column":null}},"8":{"start":{"line":22,"column":6},"end":{"line":22,"column":null}},"9":{"start":{"line":23,"column":4},"end":{"line":47,"column":null}},"10":{"start":{"line":25,"column":14},"end":{"line":25,"column":null}},"11":{"start":{"line":26,"column":14},"end":{"line":26,"column":null}},"12":{"start":{"line":27,"column":6},"end":{"line":29,"column":null}},"13":{"start":{"line":28,"column":8},"end":{"line":28,"column":null}},"14":{"start":{"line":30,"column":6},"end":{"line":30,"column":null}},"15":{"start":{"line":31,"column":6},"end":{"line":31,"column":null}},"16":{"start":{"line":32,"column":6},"end":{"line":32,"column":null}},"17":{"start":{"line":35,"column":18},"end":{"line":35,"column":null}},"18":{"start":{"line":36,"column":18},"end":{"line":36,"column":null}},"19":{"start":{"line":37,"column":14},"end":{"line":37,"column":null}},"20":{"start":{"line":40,"column":6},"end":{"line":42,"column":null}},"21":{"start":{"line":41,"column":8},"end":{"line":41,"column":null}},"22":{"start":{"line":44,"column":6},"end":{"line":44,"column":null}},"23":{"start":{"line":45,"column":6},"end":{"line":45,"column":null}},"24":{"start":{"line":46,"column":6},"end":{"line":46,"column":null}},"25":{"start":{"line":50,"column":20},"end":{"line":50,"column":null}},"26":{"start":{"line":51,"column":4},"end":{"line":59,"column":null}},"27":{"start":{"line":52,"column":18},"end":{"line":52,"column":null}},"28":{"start":{"line":54,"column":6},"end":{"line":54,"column":null}},"29":{"start":{"line":54,"column":21},"end":{"line":54,"column":null}},"30":{"start":{"line":56,"column":6},"end":{"line":58,"column":null}},"31":{"start":{"line":57,"column":8},"end":{"line":57,"column":null}},"32":{"start":{"line":61,"column":4},"end":{"line":66,"column":null}},"33":{"start":{"line":64,"column":46},"end":{"line":64,"column":65}}},"fnMap":{"0":{"name":"(anonymous_0)","decl":{"start":{"line":9,"column":4},"end":{"line":9,"column":13}},"loc":{"start":{"line":9,"column":47},"end":{"line":67,"column":null}},"line":9},"1":{"name":"(anonymous_1)","decl":{"start":{"line":64,"column":40},"end":{"line":64,"column":46}},"loc":{"start":{"line":64,"column":46},"end":{"line":64,"column":65}},"line":64}},"branchMap":{"0":{"loc":{"start":{"line":16,"column":4},"end":{"line":47,"column":null}},"type":"if","locations":[{"start":{"line":16,"column":4},"end":{"line":47,"column":null}},{"start":{"line":23,"column":4},"end":{"line":47,"column":null}}],"line":16},"1":{"loc":{"start":{"line":23,"column":4},"end":{"line":47,"column":null}},"type":"if","locations":[{"start":{"line":23,"column":4},"end":{"line":47,"column":null}},{"start":{"line":33,"column":11},"end":{"line":47,"column":null}}],"line":23},"2":{"loc":{"start":{"line":27,"column":6},"end":{"line":29,"column":null}},"type":"if","locations":[{"start":{"line":27,"column":6},"end":{"line":29,"column":null}},{"start":{},"end":{}}],"line":27},"3":{"loc":{"start":{"line":40,"column":6},"end":{"line":42,"column":null}},"type":"if","locations":[{"start":{"line":40,"column":6},"end":{"line":42,"column":null}},{"start":{},"end":{}}],"line":40},"4":{"loc":{"start":{"line":54,"column":6},"end":{"line":54,"column":null}},"type":"if","locations":[{"start":{"line":54,"column":6},"end":{"line":54,"column":null}},{"start":{},"end":{}}],"line":54},"5":{"loc":{"start":{"line":56,"column":6},"end":{"line":58,"column":null}},"type":"if","locations":[{"start":{"line":56,"column":6},"end":{"line":58,"column":null}},{"start":{},"end":{}}],"line":56}},"s":{"0":120,"1":120,"2":120,"3":120,"4":36,"5":36,"6":36,"7":36,"8":36,"9":84,"10":37,"11":37,"12":37,"13":10,"14":37,"15":37,"16":37,"17":47,"18":47,"19":47,"20":47,"21":10,"22":47,"23":47,"24":47,"25":120,"26":120,"27":448,"28":448,"29":1,"30":448,"31":404,"32":120,"33":584},"f":{"0":120,"1":584},"b":{"0":[36,84],"1":[37,47],"2":[10,27],"3":[10,37],"4":[1,447],"5":[404,44]},"meta":{"lastBranch":6,"lastFunction":2,"lastStatement":34,"seen":{"f:9:4:9:13":0,"s:10:19:10:Infinity":0,"s:11:28:11:Infinity":1,"s:14:22:14:Infinity":2,"b:16:4:47:Infinity:23:4:47:Infinity":0,"s:16:4:47:Infinity":3,"s:18:16:18:Infinity":4,"s:19:16:19:Infinity":5,"s:20:6:20:Infinity":6,"s:21:6:21:Infinity":7,"s:22:6:22:Infinity":8,"b:23:4:47:Infinity:33:11:47:Infinity":1,"s:23:4:47:Infinity":9,"s:25:14:25:Infinity":10,"s:26:14:26:Infinity":11,"b:27:6:29:Infinity:undefined:undefined:undefined:undefined":2,"s:27:6:29:Infinity":12,"s:28:8:28:Infinity":13,"s:30:6:30:Infinity":14,"s:31:6:31:Infinity":15,"s:32:6:32:Infinity":16,"s:35:18:35:Infinity":17,"s:36:18:36:Infinity":18,"s:37:14:37:Infinity":19,"b:40:6:42:Infinity:undefined:undefined:undefined:undefined":3,"s:40:6:42:Infinity":20,"s:41:8:41:Infinity":21,"s:44:6:44:Infinity":22,"s:45:6:45:Infinity":23,"s:46:6:46:Infinity":24,"s:50:20:50:Infinity":25,"s:51:4:59:Infinity":26,"s:52:18:52:Infinity":27,"b:54:6:54:Infinity:undefined:undefined:undefined:undefined":4,"s:54:6:54:Infinity":28,"s:54:21:54:Infinity":29,"b:56:6:58:Infinity:undefined:undefined:undefined:undefined":5,"s:56:6:58:Infinity":30,"s:57:8:57:Infinity":31,"s:61:4:66:Infinity":32,"f:64:40:64:46":1,"s:64:46:64:65":33}}}
,"/app/src/questions/Grade4MultiplicationGenerator.ts": {"path":"/app/src/questions/Grade4MultiplicationGenerator.ts","statementMap":{"0":{"start":{"line":11,"column":17},"end":{"line":11,"column":null}},"1":{"start":{"line":12,"column":17},"end":{"line":12,"column":null}},"2":{"start":{"line":13,"column":26},"end":{"line":13,"column":null}},"3":{"start":{"line":15,"column":4},"end":{"line":35,"column":null}},"4":{"start":{"line":16,"column":6},"end":{"line":23,"column":null}},"5":{"start":{"line":26,"column":22},"end":{"line":26,"column":null}},"6":{"start":{"line":27,"column":6},"end":{"line":34,"column":null}},"7":{"start":{"line":44,"column":20},"end":{"line":44,"column":null}},"8":{"start":{"line":45,"column":4},"end":{"line":50,"column":null}},"9":{"start":{"line":46,"column":21},"end":{"line":46,"column":null}},"10":{"start":{"line":47,"column":6},"end":{"line":49,"column":null}},"11":{"start":{"line":48,"column":8},"end":{"line":48,"column":null}},"12":{"start":{"line":51,"column":4},"end":{"line":51,"column":null}},"13":{"start":{"line":62,"column":10},"end":{"line":62,"column":null}},"14":{"start":{"line":65,"column":4},"end":{"line":83,"column":null}},"15":{"start":{"line":67,"column":8},"end":{"line":67,"column":null}},"16":{"start":{"line":68,"column":8},"end":{"line":68,"column":null}},"17":{"start":{"line":70,"column":8},"end":{"line":70,"column":null}},"18":{"start":{"line":71,"column":8},"end":{"line":71,"column":null}},"19":{"start":{"line":73,"column":8},"end":{"line":73,"column":null}},"20":{"start":{"line":74,"column":8},"end":{"line":74,"column":null}},"21":{"start":{"line":76,"column":18},"end":{"line":76,"column":null}},"22":{"start":{"line":77,"column":18},"end":{"line":77,"column":null}},"23":{"start":{"line":78,"column":16},"end":{"line":78,"column":null}},"24":{"start":{"line":79,"column":8},"end":{"line":79,"column":null}},"25":{"start":{"line":80,"column":8},"end":{"line":80,"column":null}},"26":{"start":{"line":82,"column":8},"end":{"line":82,"column":null}}},"fnMap":{"0":{"name":"(anonymous_0)","decl":{"start":{"line":10,"column":2},"end":{"line":10,"column":11}},"loc":{"start":{"line":10,"column":45},"end":{"line":36,"column":null}},"line":10},"1":{"name":"(anonymous_1)","decl":{"start":{"line":43,"column":10},"end":{"line":43,"column":26}},"loc":{"start":{"line":43,"column":59},"end":{"line":52,"column":null}},"line":43},"2":{"name":"(anonymous_2)","decl":{"start":{"line":61,"column":10},"end":{"line":61,"column":31}},"loc":{"start":{"line":61,"column":62},"end":{"line":84,"column":null}},"line":61}},"branchMap":{"0":{"loc":{"start":{"line":15,"column":4},"end":{"line":35,"column":null}},"type":"if","locations":[{"start":{"line":15,"column":4},"end":{"line":35,"column":null}},{"start":{"line":24,"column":11},"end":{"line":35,"column":null}}],"line":15},"1":{"loc":{"start":{"line":47,"column":6},"end":{"line":49,"column":null}},"type":"if","locations":[{"start":{"line":47,"column":6},"end":{"line":49,"column":null}},{"start":{},"end":{}}],"line":47},"2":{"loc":{"start":{"line":65,"column":4},"end":{"line":83,"column":null}},"type":"switch","locations":[{"start":{"line":66,"column":6},"end":{"line":68,"column":null}},{"start":{"line":69,"column":6},"end":{"line":71,"column":null}},{"start":{"line":72,"column":6},"end":{"line":74,"column":null}},{"start":{"line":75,"column":6},"end":{"line":80,"column":null}},{"start":{"line":81,"column":6},"end":{"line":82,"column":null}}],"line":65},"3":{"loc":{"start":{"line":68,"column":32},"end":{"line":68,"column":null}},"type":"cond-expr","locations":[{"start":{"line":68,"column":54},"end":{"line":68,"column":62}},{"start":{"line":68,"column":62},"end":{"line":68,"column":null}}],"line":68},"4":{"loc":{"start":{"line":71,"column":32},"end":{"line":71,"column":null}},"type":"cond-expr","locations":[{"start":{"line":71,"column":54},"end":{"line":71,"column":62}},{"start":{"line":71,"column":62},"end":{"line":71,"column":null}}],"line":71},"5":{"loc":{"start":{"line":74,"column":32},"end":{"line":74,"column":null}},"type":"cond-expr","locations":[{"start":{"line":74,"column":54},"end":{"line":74,"column":62}},{"start":{"line":74,"column":62},"end":{"line":74,"column":null}}],"line":74}},"s":{"0":120,"1":120,"2":120,"3":120,"4":40,"5":80,"6":80,"7":80,"8":80,"9":242,"10":242,"11":240,"12":80,"13":242,"14":242,"15":61,"16":61,"17":66,"18":66,"19":69,"20":69,"21":46,"22":46,"23":46,"24":46,"25":46,"26":0},"f":{"0":120,"1":80,"2":242},"b":{"0":[40,80],"1":[240,2],"2":[61,66,69,46,0],"3":[26,35],"4":[37,29],"5":[29,40]},"meta":{"lastBranch":6,"lastFunction":3,"lastStatement":27,"seen":{"f:10:2:10:11":0,"s:11:17:11:Infinity":0,"s:12:17:12:Infinity":1,"s:13:26:13:Infinity":2,"b:15:4:35:Infinity:24:11:35:Infinity":0,"s:15:4:35:Infinity":3,"s:16:6:23:Infinity":4,"s:26:22:26:Infinity":5,"s:27:6:34:Infinity":6,"f:43:10:43:26":1,"s:44:20:44:Infinity":7,"s:45:4:50:Infinity":8,"s:46:21:46:Infinity":9,"b:47:6:49:Infinity:undefined:undefined:undefined:undefined":1,"s:47:6:49:Infinity":10,"s:48:8:48:Infinity":11,"s:51:4:51:Infinity":12,"f:61:10:61:31":2,"s:62:10:62:Infinity":13,"b:66:6:68:Infinity:69:6:71:Infinity:72:6:74:Infinity:75:6:80:Infinity:81:6:82:Infinity":2,"s:65:4:83:Infinity":14,"s:67:8:67:Infinity":15,"s:68:8:68:Infinity":16,"b:68:54:68:62:68:62:68:Infinity":3,"s:70:8:70:Infinity":17,"s:71:8:71:Infinity":18,"b:71:54:71:62:71:62:71:Infinity":4,"s:73:8:73:Infinity":19,"s:74:8:74:Infinity":20,"b:74:54:74:62:74:62:74:Infinity":5,"s:76:18:76:Infinity":21,"s:77:18:77:Infinity":22,"s:78:16:78:Infinity":23,"s:79:8:79:Infinity":24,"s:80:8:80:Infinity":25,"s:82:8:82:Infinity":26}}}
,"/app/src/utils/array.ts": {"path":"/app/src/utils/array.ts","statementMap":{"0":{"start":{"line":10,"column":19},"end":{"line":10,"column":null}},"1":{"start":{"line":11,"column":2},"end":{"line":14,"column":null}},"2":{"start":{"line":11,"column":15},"end":{"line":11,"column":36}},"3":{"start":{"line":12,"column":14},"end":{"line":12,"column":null}},"4":{"start":{"line":13,"column":4},"end":{"line":13,"column":null}},"5":{"start":{"line":15,"column":2},"end":{"line":15,"column":null}},"6":{"start":{"line":24,"column":2},"end":{"line":26,"column":null}},"7":{"start":{"line":25,"column":4},"end":{"line":25,"column":null}},"8":{"start":{"line":27,"column":16},"end":{"line":27,"column":null}},"9":{"start":{"line":28,"column":2},"end":{"line":28,"column":null}}},"fnMap":{"0":{"name":"shuffle","decl":{"start":{"line":9,"column":16},"end":{"line":9,"column":27}},"loc":{"start":{"line":9,"column":44},"end":{"line":16,"column":null}},"line":9},"1":{"name":"sample","decl":{"start":{"line":23,"column":16},"end":{"line":23,"column":26}},"loc":{"start":{"line":23,"column":53},"end":{"line":29,"column":null}},"line":23}},"branchMap":{"0":{"loc":{"start":{"line":24,"column":2},"end":{"line":26,"column":null}},"type":"if","locations":[{"start":{"line":24,"column":2},"end":{"line":26,"column":null}},{"start":{},"end":{}}],"line":24}},"s":{"0":84,"1":84,"2":84,"3":252,"4":252,"5":84,"6":244,"7":1,"8":243,"9":243},"f":{"0":84,"1":244},"b":{"0":[1,243]},"meta":{"lastBranch":1,"lastFunction":2,"lastStatement":10,"seen":{"f:9:16:9:27":0,"s:10:19:10:Infinity":0,"s:11:2:14:Infinity":1,"s:11:15:11:36":2,"s:12:14:12:Infinity":3,"s:13:4:13:Infinity":4,"s:15:2:15:Infinity":5,"f:23:16:23:26":1,"b:24:2:26:Infinity:undefined:undefined:undefined:undefined":0,"s:24:2:26:Infinity":6,"s:25:4:25:Infinity":7,"s:27:16:27:Infinity":8,"s:28:2:28:Infinity":9}}}
,"/app/src/utils/format.ts": {"path":"/app/src/utils/format.ts","statementMap":{"0":{"start":{"line":10,"column":23},"end":{"line":10,"column":null}},"1":{"start":{"line":11,"column":18},"end":{"line":11,"column":null}},"2":{"start":{"line":12,"column":18},"end":{"line":12,"column":null}},"3":{"start":{"line":13,"column":23},"end":{"line":13,"column":null}},"4":{"start":{"line":15,"column":14},"end":{"line":15,"column":null}},"5":{"start":{"line":15,"column":31},"end":{"line":15,"column":null}},"6":{"start":{"line":16,"column":2},"end":{"line":16,"column":null}},"7":{"start":{"line":30,"column":2},"end":{"line":30,"column":null}},"8":{"start":{"line":30,"column":30},"end":{"line":30,"column":null}},"9":{"start":{"line":31,"column":2},"end":{"line":31,"column":null}},"10":{"start":{"line":31,"column":38},"end":{"line":31,"column":null}},"11":{"start":{"line":32,"column":2},"end":{"line":32,"column":null}},"12":{"start":{"line":32,"column":40},"end":{"line":32,"column":null}},"13":{"start":{"line":33,"column":2},"end":{"line":33,"column":null}}},"fnMap":{"0":{"name":"formatTime","decl":{"start":{"line":9,"column":16},"end":{"line":9,"column":27}},"loc":{"start":{"line":9,"column":47},"end":{"line":17,"column":null}},"line":9},"1":{"name":"(anonymous_1)","decl":{"start":{"line":15,"column":14},"end":{"line":15,"column":15}},"loc":{"start":{"line":15,"column":31},"end":{"line":15,"column":null}},"line":15},"2":{"name":"getMedal","decl":{"start":{"line":29,"column":16},"end":{"line":29,"column":25}},"loc":{"start":{"line":29,"column":120},"end":{"line":34,"column":null}},"line":29}},"branchMap":{"0":{"loc":{"start":{"line":29,"column":55},"end":{"line":29,"column":120}},"type":"default-arg","locations":[{"start":{"line":29,"column":81},"end":{"line":29,"column":120}}],"line":29},"1":{"loc":{"start":{"line":30,"column":2},"end":{"line":30,"column":null}},"type":"if","locations":[{"start":{"line":30,"column":2},"end":{"line":30,"column":null}},{"start":{},"end":{}}],"line":30},"2":{"loc":{"start":{"line":30,"column":6},"end":{"line":30,"column":30}},"type":"binary-expr","locations":[{"start":{"line":30,"column":6},"end":{"line":30,"column":15}},{"start":{"line":30,"column":15},"end":{"line":30,"column":30}}],"line":30},"3":{"loc":{"start":{"line":31,"column":2},"end":{"line":31,"column":null}},"type":"if","locations":[{"start":{"line":31,"column":2},"end":{"line":31,"column":null}},{"start":{},"end":{}}],"line":31},"4":{"loc":{"start":{"line":32,"column":2},"end":{"line":32,"column":null}},"type":"if","locations":[{"start":{"line":32,"column":2},"end":{"line":32,"column":null}},{"start":{},"end":{}}],"line":32}},"s":{"0":6,"1":6,"2":6,"3":6,"4":6,"5":18,"6":6,"7":8,"8":3,"9":5,"10":2,"11":3,"12":2,"13":1},"f":{"0":6,"1":18,"2":8},"b":{"0":[8],"1":[3,5],"2":[8,7],"3":[2,3],"4":[2,1]},"meta":{"lastBranch":5,"lastFunction":3,"lastStatement":14,"seen":{"f:9:16:9:27":0,"s:10:23:10:Infinity":0,"s:11:18:11:Infinity":1,"s:12:18:12:Infinity":2,"s:13:23:13:Infinity":3,"s:15:14:15:Infinity":4,"f:15:14:15:15":1,"s:15:31:15:Infinity":5,"s:16:2:16:Infinity":6,"f:29:16:29:25":2,"b:29:81:29:120":0,"b:30:2:30:Infinity:undefined:undefined:undefined:undefined":1,"s:30:2:30:Infinity":7,"b:30:6:30:15:30:15:30:30":2,"s:30:30:30:Infinity":8,"b:31:2:31:Infinity:undefined:undefined:undefined:undefined":3,"s:31:2:31:Infinity":9,"s:31:38:31:Infinity":10,"b:32:2:32:Infinity:undefined:undefined:undefined:undefined":4,"s:32:2:32:Infinity":11,"s:32:40:32:Infinity":12,"s:33:2:33:Infinity":13}}}
,"/app/src/utils/score.ts": {"path":"/app/src/utils/score.ts","statementMap":{"0":{"start":{"line":10,"column":2},"end":{"line":12,"column":null}},"1":{"start":{"line":11,"column":4},"end":{"line":11,"column":null}},"2":{"start":{"line":13,"column":17},"end":{"line":13,"column":null}},"3":{"start":{"line":14,"column":2},"end":{"line":14,"column":null}}},"fnMap":{"0":{"name":"calculateScore","decl":{"start":{"line":9,"column":16},"end":{"line":9,"column":31}},"loc":{"start":{"line":9,"column":87},"end":{"line":15,"column":null}},"line":9}},"branchMap":{"0":{"loc":{"start":{"line":10,"column":2},"end":{"line":12,"column":null}},"type":"if","locations":[{"start":{"line":10,"column":2},"end":{"line":12,"column":null}},{"start":{},"end":{}}],"line":10}},"s":{"0":10,"1":1,"2":9,"3":9},"f":{"0":10},"b":{"0":[1,9]},"meta":{"lastBranch":1,"lastFunction":1,"lastStatement":4,"seen":{"f:9:16:9:31":0,"b:10:2:12:Infinity:undefined:undefined:undefined:undefined":0,"s:10:2:12:Infinity":0,"s:11:4:11:Infinity":1,"s:13:17:13:Infinity":2,"s:14:2:14:Infinity":3}}}
,"/app/src/utils/storage.ts": {"path":"/app/src/utils/storage.ts","statementMap":{"0":{"start":{"line":4,"column":20},"end":{"line":4,"column":null}},"1":{"start":{"line":5,"column":26},"end":{"line":5,"column":null}},"2":{"start":{"line":13,"column":2},"end":{"line":22,"column":null}},"3":{"start":{"line":14,"column":17},"end":{"line":14,"column":null}},"4":{"start":{"line":15,"column":4},"end":{"line":17,"column":null}},"5":{"start":{"line":16,"column":6},"end":{"line":16,"column":null}},"6":{"start":{"line":18,"column":4},"end":{"line":18,"column":null}},"7":{"start":{"line":20,"column":4},"end":{"line":20,"column":null}},"8":{"start":{"line":21,"column":4},"end":{"line":21,"column":null}},"9":{"start":{"line":31,"column":18},"end":{"line":31,"column":null}},"10":{"start":{"line":33,"column":2},"end":{"line":33,"column":null}},"11":{"start":{"line":36,"column":2},"end":{"line":36,"column":null}},"12":{"start":{"line":36,"column":25},"end":{"line":36,"column":50}},"13":{"start":{"line":39,"column":21},"end":{"line":39,"column":null}},"14":{"start":{"line":41,"column":2},"end":{"line":45,"column":null}},"15":{"start":{"line":42,"column":4},"end":{"line":42,"column":null}},"16":{"start":{"line":44,"column":4},"end":{"line":44,"column":null}},"17":{"start":{"line":52,"column":2},"end":{"line":56,"column":null}},"18":{"start":{"line":53,"column":4},"end":{"line":53,"column":null}},"19":{"start":{"line":55,"column":4},"end":{"line":55,"column":null}},"20":{"start":{"line":65,"column":2},"end":{"line":74,"column":null}},"21":{"start":{"line":66,"column":17},"end":{"line":66,"column":null}},"22":{"start":{"line":67,"column":4},"end":{"line":69,"column":null}},"23":{"start":{"line":68,"column":6},"end":{"line":68,"column":null}},"24":{"start":{"line":70,"column":4},"end":{"line":70,"column":null}},"25":{"start":{"line":72,"column":4},"end":{"line":72,"column":null}},"26":{"start":{"line":73,"column":4},"end":{"line":73,"column":null}},"27":{"start":{"line":82,"column":2},"end":{"line":86,"column":null}},"28":{"start":{"line":83,"column":4},"end":{"line":83,"column":null}},"29":{"start":{"line":85,"column":4},"end":{"line":85,"column":null}},"30":{"start":{"line":94,"column":2},"end":{"line":103,"column":null}},"31":{"start":{"line":95,"column":17},"end":{"line":95,"column":null}},"32":{"start":{"line":96,"column":4},"end":{"line":98,"column":null}},"33":{"start":{"line":97,"column":6},"end":{"line":97,"column":null}},"34":{"start":{"line":99,"column":4},"end":{"line":99,"column":null}},"35":{"start":{"line":101,"column":4},"end":{"line":101,"column":null}},"36":{"start":{"line":102,"column":4},"end":{"line":102,"column":null}},"37":{"start":{"line":111,"column":2},"end":{"line":115,"column":null}},"38":{"start":{"line":112,"column":4},"end":{"line":112,"column":null}},"39":{"start":{"line":114,"column":4},"end":{"line":114,"column":null}}},"fnMap":{"0":{"name":"getHistory","decl":{"start":{"line":12,"column":16},"end":{"line":12,"column":46}},"loc":{"start":{"line":12,"column":46},"end":{"line":23,"column":null}},"line":12},"1":{"name":"saveRecord","decl":{"start":{"line":30,"column":16},"end":{"line":30,"column":27}},"loc":{"start":{"line":30,"column":56},"end":{"line":46,"column":null}},"line":30},"2":{"name":"(anonymous_2)","decl":{"start":{"line":36,"column":15},"end":{"line":36,"column":16}},"loc":{"start":{"line":36,"column":25},"end":{"line":36,"column":50}},"line":36},"3":{"name":"clearHistory","decl":{"start":{"line":51,"column":16},"end":{"line":51,"column":37}},"loc":{"start":{"line":51,"column":37},"end":{"line":57,"column":null}},"line":51},"4":{"name":"getSettings","decl":{"start":{"line":64,"column":16},"end":{"line":64,"column":44}},"loc":{"start":{"line":64,"column":44},"end":{"line":75,"column":null}},"line":64},"5":{"name":"saveSettings","decl":{"start":{"line":81,"column":16},"end":{"line":81,"column":29}},"loc":{"start":{"line":81,"column":59},"end":{"line":87,"column":null}},"line":81},"6":{"name":"getUserProfile","decl":{"start":{"line":93,"column":16},"end":{"line":93,"column":53}},"loc":{"start":{"line":93,"column":53},"end":{"line":104,"column":null}},"line":93},"7":{"name":"saveUserProfile","decl":{"start":{"line":110,"column":16},"end":{"line":110,"column":32}},"loc":{"start":{"line":110,"column":60},"end":{"line":116,"column":null}},"line":110}},"branchMap":{"0":{"loc":{"start":{"line":15,"column":4},"end":{"line":17,"column":null}},"type":"if","locations":[{"start":{"line":15,"column":4},"end":{"line":17,"column":null}},{"start":{},"end":{}}],"line":15},"1":{"loc":{"start":{"line":67,"column":4},"end":{"line":69,"column":null}},"type":"if","locations":[{"start":{"line":67,"column":4},"end":{"line":69,"column":null}},{"start":{},"end":{}}],"line":67},"2":{"loc":{"start":{"line":96,"column":4},"end":{"line":98,"column":null}},"type":"if","locations":[{"start":{"line":96,"column":4},"end":{"line":98,"column":null}},{"start":{},"end":{}}],"line":96}},"s":{"0":2,"1":2,"2":24,"3":24,"4":24,"5":6,"6":18,"7":0,"8":0,"9":19,"10":19,"11":19,"12":140,"13":19,"14":19,"15":19,"16":0,"17":1,"18":1,"19":0,"20":2,"21":2,"22":2,"23":1,"24":1,"25":0,"26":0,"27":1,"28":1,"29":0,"30":3,"31":3,"32":3,"33":1,"34":2,"35":1,"36":1,"37":1,"38":1,"39":0},"f":{"0":24,"1":19,"2":140,"3":1,"4":2,"5":1,"6":3,"7":1},"b":{"0":[6,18],"1":[1,1],"2":[1,2]},"meta":{"lastBranch":3,"lastFunction":8,"lastStatement":40,"seen":{"s:4:20:4:Infinity":0,"s:5:26:5:Infinity":1,"f:12:16:12:46":0,"s:13:2:22:Infinity":2,"s:14:17:14:Infinity":3,"b:15:4:17:Infinity:undefined:undefined:undefined:undefined":0,"s:15:4:17:Infinity":4,"s:16:6:16:Infinity":5,"s:18:4:18:Infinity":6,"s:20:4:20:Infinity":7,"s:21:4:21:Infinity":8,"f:30:16:30:27":1,"s:31:18:31:Infinity":9,"s:33:2:33:Infinity":10,"s:36:2:36:Infinity":11,"f:36:15:36:16":2,"s:36:25:36:50":12,"s:39:21:39:Infinity":13,"s:41:2:45:Infinity":14,"s:42:4:42:Infinity":15,"s:44:4:44:Infinity":16,"f:51:16:51:37":3,"s:52:2:56:Infinity":17,"s:53:4:53:Infinity":18,"s:55:4:55:Infinity":19,"f:64:16:64:44":4,"s:65:2:74:Infinity":20,"s:66:17:66:Infinity":21,"b:67:4:69:Infinity:undefined:undefined:undefined:undefined":1,"s:67:4:69:Infinity":22,"s:68:6:68:Infinity":23,"s:70:4:70:Infinity":24,"s:72:4:72:Infinity":25,"s:73:4:73:Infinity":26,"f:81:16:81:29":5,"s:82:2:86:Infinity":27,"s:83:4:83:Infinity":28,"s:85:4:85:Infinity":29,"f:93:16:93:53":6,"s:94:2:103:Infinity":30,"s:95:17:95:Infinity":31,"b:96:4:98:Infinity:undefined:undefined:undefined:undefined":2,"s:96:4:98:Infinity":32,"s:97:6:97:Infinity":33,"s:99:4:99:Infinity":34,"s:101:4:101:Infinity":35,"s:102:4:102:Infinity":36,"f:110:16:110:32":7,"s:111:2:115:Infinity":37,"s:112:4:112:Infinity":38,"s:114:4:114:Infinity":39}}}
}
